{"/Users/liepin/git-code/jest-demo/test/Link.react.js": {"path":"/Users/liepin/git-code/jest-demo/test/Link.react.js","statementMap":{"0":{"start":{"line":4,"column":2},"end":{"line":11,"column":4}}},"fnMap":{"0":{"name":"CompCity","decl":{"start":{"line":3,"column":9},"end":{"line":3,"column":17}},"loc":{"start":{"line":3,"column":20},"end":{"line":12,"column":1}},"line":3}},"branchMap":{},"s":{"0":1},"f":{"0":1},"b":{},"_coverageSchema":"1a1c01bbd47fc00a2c39e90264f33305004495a9","hash":"a03468e1839b057fc223b87022144eddf0fc1c70"}
,"/Users/liepin/git-code/jest-demo/test/makeChange.js": {"path":"/Users/liepin/git-code/jest-demo/test/makeChange.js","statementMap":{"0":{"start":{"line":2,"column":2},"end":{"line":2,"column":23}}},"fnMap":{"0":{"name":"makeChange","decl":{"start":{"line":1,"column":9},"end":{"line":1,"column":19}},"loc":{"start":{"line":1,"column":34},"end":{"line":3,"column":1}},"line":1}},"branchMap":{},"s":{"0":1},"f":{"0":1},"b":{},"_coverageSchema":"1a1c01bbd47fc00a2c39e90264f33305004495a9","hash":"f6ac7392f007af2fed823373681e7dba7dfccb6e"}
}
